<?xml version="1.0" encoding="UTF-8"?>
<!-- Generated by org.testng.reporters.JUnitReportReporter -->
<testsuite hostname="JB" failures="0" tests="7" name="com.jala.selenium.magnus.operations.RadioCheckBoxTest" time="39.505" errors="0" timestamp="2023-01-10T07:42:44 IST" skipped="0">
  <testcase classname="com.jala.selenium.magnus.operations.RadioCheckBoxTest" name="testlaunchBrowser" time="10.504"/>
  <system-out/>
  <testcase classname="com.jala.selenium.magnus.operations.RadioCheckBoxTest" name="testloginMagnus" time="3.472"/>
  <system-out/>
  <testcase classname="com.jala.selenium.magnus.operations.RadioCheckBoxTest" name="testcreateEmployee" time="19.457"/>
  <system-out/>
  <testcase classname="com.jala.selenium.magnus.operations.RadioCheckBoxTest" name="testradioButton" time="4.426"/>
  <system-out/>
  <testcase classname="com.jala.selenium.magnus.operations.RadioCheckBoxTest" name="testdropdown" time="0.325"/>
  <system-out/>
  <testcase classname="com.jala.selenium.magnus.operations.RadioCheckBoxTest" name="testdropdownselected" time="0.223"/>
  <system-out/>
  <testcase classname="com.jala.selenium.magnus.operations.RadioCheckBoxTest" name="testcloseBrowser" time="1.098"/>
  <system-out/>
</testsuite> <!-- com.jala.selenium.magnus.operations.RadioCheckBoxTest -->
